<?xml version="1.0" encoding="UTF-8"?>
<!-- Generated by org.testng.reporters.JUnitReportReporter -->
<testsuite hostname="rajshree" failures="0" tests="1" name="DemoGet" time="1.778" errors="0" timestamp="2023-06-28T16:30:13 IST" skipped="0">
  <testcase classname="DemoGet" name="demoGet" time="1.778"/>
  <system-out/>
</testsuite> <!-- DemoGet -->
