<?xml version="1.0" encoding="UTF-8"?>
<!-- Generated by org.testng.reporters.JUnitReportReporter -->
<testsuite hostname="rajshree" failures="0" tests="1" name="DemoForPost" time="1.943" errors="0" timestamp="2023-05-04T16:18:34 IST" skipped="0">
  <testcase classname="DemoForPost" name="postApi" time="1.943"/>
  <system-out/>
</testsuite> <!-- DemoForPost -->
