<?xml version="1.0" encoding="UTF-8"?>
<!-- Generated by org.testng.reporters.JUnitReportReporter -->
<testsuite hostname="rajshree" failures="0" tests="1" name="DemoForAPI" time="2.052" errors="0" timestamp="2023-03-17T18:17:13 IST" skipped="0">
  <testcase classname="DemoForAPI" name="getApiCall" time="2.052"/>
  <system-out/>
</testsuite> <!-- DemoForAPI -->
